\BOOKMARK [1][-]{section.1}{\376\377\060\250\060\260\060\274\060\257\060\306\060\243\060\326\060\265\060\336\060\352\060\374}{}% 1
\BOOKMARK [2][-]{subsection.1.1}{\376\377\060\152\060\134\116\312\060\204\060\213\060\156\060\113\377\010\211\201\160\271\377\011}{section.1}% 2
\BOOKMARK [2][-]{subsection.1.2}{\376\377\116\000\212\000\060\147\060\104\060\106\143\320\117\233\117\241\120\044}{section.1}% 3
\BOOKMARK [2][-]{subsection.1.3}{\376\377\133\376\214\141\377\010\121\052\121\110\230\006\117\115\150\110\377\011}{section.1}% 4
\BOOKMARK [1][-]{section.2}{\376\377\122\325\152\137\377\010\000M\000o\000t\000i\000v\000a\000t\000i\000o\000n\377\011}{}% 5
\BOOKMARK [2][-]{subsection.2.1}{\376\377\123\237\117\123\232\023\060\113\060\211\060\156\116\356\212\254}{section.2}% 6
\BOOKMARK [2][-]{subsection.2.2}{\376\377\123\327\232\023\165\037\060\156\060\014\124\014\060\130\137\142\137\017\060\147\176\160\060\212\217\324\060\127\060\137\060\104\060\015\227\000\211\201}{section.2}% 7
\BOOKMARK [2][-]{subsection.2.3}{\376\377\120\013\116\272\130\176\060\114\142\261\060\110\060\213\060\307\060\374\060\277\155\073\165\050\060\156\212\262\230\114}{section.2}% 8
\BOOKMARK [2][-]{subsection.2.4}{\376\377\171\076\117\032\166\204\200\314\146\157\377\010\145\131\200\262\060\156\151\313\220\040\131\011\123\026\377\011}{section.2}% 9
\BOOKMARK [2][-]{subsection.2.5}{\376\377\136\002\130\064\060\277\060\244\060\337\060\363\060\260\377\032\060\152\060\134\060\014\116\312\060\015\060\204\060\213\060\171\060\115\060\113}{section.2}% 10
\BOOKMARK [1][-]{section.3}{\376\377\212\262\230\114\377\010\000P\000r\000o\000b\000l\000e\000m\377\011\040\024\000\040\151\313\220\040\060\147\143\111\060\110\060\213}{}% 11
\BOOKMARK [2][-]{subsection.3.1}{\376\377\212\262\230\114\0001\377\032\157\024\177\322\060\156\060\014\221\317\060\015\060\150\060\014\137\142\137\017\060\156\116\000\201\364\060\015\060\114\215\263\060\212\060\152\060\104}{section.3}% 12
\BOOKMARK [2][-]{subsection.3.2}{\376\377\212\262\230\114\0002\377\032\060\313\060\303\060\301\230\030\127\337\060\156\145\131\147\120\060\114\133\130\127\050\060\127\060\152\060\104}{section.3}% 13
\BOOKMARK [2][-]{subsection.3.3}{\376\377\212\262\230\114\0003\377\032\120\013\116\272\130\176\060\156\060\307\060\374\060\277\060\114\155\073\060\113\060\125\060\214\060\146\060\104\060\152\060\104}{section.3}% 14
\BOOKMARK [2][-]{subsection.3.4}{\376\377\212\262\230\114\0004\377\032\143\007\134\016\163\376\130\064\060\156\060\014\117\134\125\117\060\156\130\301\060\015}{section.3}% 15
\BOOKMARK [2][-]{subsection.3.5}{\376\377\212\262\230\114\0005\377\032\171\321\166\356\122\045\060\153\211\213\060\110\060\213\157\024\177\322\116\015\215\263\060\156\133\237\141\113}{section.3}% 16
\BOOKMARK [2][-]{subsection.3.6}{\376\377\200\314\146\157\210\334\215\263\377\032\060\152\060\134\145\342\133\130\142\113\153\265\060\140\060\121\060\147\060\157\211\343\060\115\122\007\060\214\060\152\060\104\060\113}{section.3}% 17
\BOOKMARK [1][-]{section.4}{\376\377\143\320\150\110\377\010\000S\000o\000l\000u\000t\000i\000o\000n\377\011\040\024\000\040\212\262\230\114\060\153\133\376\060\131\060\213\212\055\212\010\123\237\164\006}{}% 18
\BOOKMARK [2][-]{subsection.4.1}{\376\377\212\055\212\010\123\237\164\006\0001\377\032\153\062\060\127\060\104\230\136\230\114\060\222\060\014\060\131\060\120\060\015\165\037\142\020\060\127\000P\000D\000F\121\372\122\233}{section.4}% 19
\BOOKMARK [2][-]{subsection.4.2}{\376\377\212\055\212\010\123\237\164\006\0002\377\032\145\342\133\130\060\156\125\117\230\114\214\307\165\043\060\222\155\073\060\113\060\131}{section.4}% 20
\BOOKMARK [2][-]{subsection.4.3}{\376\377\212\055\212\010\123\237\164\006\0003\377\032\143\007\134\016\200\005\060\156\117\134\125\117\146\102\225\223\060\222\060\014\143\007\134\016\146\102\225\223\060\153\131\011\060\110\060\213\060\015}{section.4}% 21
\BOOKMARK [2][-]{subsection.4.4}{\376\377\212\055\212\010\123\237\164\006\0004\377\032\060\014\215\144\147\054\060\156\142\341\137\065\060\015\060\150\060\127\060\146\060\156\060\335\060\270\060\267\060\347\060\313\060\363\060\260}{section.4}% 22
\BOOKMARK [2][-]{subsection.4.5}{\376\377\212\055\212\010\123\237\164\006\0005\377\032\060\313\060\303\060\301\230\030\127\337\060\170\060\156\147\324\216\337\060\152\133\376\137\334}{section.4}% 23
\BOOKMARK [1][-]{section.5}{\376\377\143\320\117\233\117\241\120\044\377\010\000V\000a\000l\000u\000e\377\011\060\222\133\232\221\317\060\147\212\236\060\213}{}% 24
\BOOKMARK [1][-]{section.6}{\376\377\136\002\130\064\060\150\230\147\133\242\377\010\000C\000u\000s\000t\000o\000m\000e\000r\000\040\000\046\000\040\000M\000a\000r\000k\000e\000t\377\011}{}% 25
\BOOKMARK [2][-]{subsection.6.1}{\376\377\060\277\060\374\060\262\060\303\060\310\060\150\134\016\121\145\226\234\130\301}{section.6}% 26
\BOOKMARK [2][-]{subsection.6.2}{\376\377\172\366\124\010\060\156\145\164\164\006\377\010\116\356\212\254\377\011}{section.6}% 27
\BOOKMARK [1][-]{section.7}{\376\377\151\034\212\074\212\010\165\073\377\010\000V\000a\000l\000i\000d\000a\000t\000i\000o\000n\000\040\000P\000l\000a\000n\377\011}{}% 28
\BOOKMARK [2][-]{subsection.7.1}{\376\377\147\000\122\035\060\153\157\160\060\131\060\171\060\115\116\356\212\254\377\010\121\052\121\110\377\011}{section.7}% 29
\BOOKMARK [2][-]{subsection.7.2}{\376\377\000M\000V\000P\060\156\163\376\127\050\060\156\116\325\151\330}{section.7}% 30
\BOOKMARK [1][-]{section.8}{\376\377\060\323\060\270\060\315\060\271\060\342\060\307\060\353\377\010\123\316\166\312\123\026\060\156\200\003\060\110\145\271\377\011}{}% 31
\BOOKMARK [2][-]{subsection.8.1}{\376\377\123\316\166\312\060\342\060\307\060\353\150\110}{section.8}% 32
\BOOKMARK [2][-]{subsection.8.2}{\376\377\000K\000P\000I\377\010\117\213\377\011}{section.8}% 33
\BOOKMARK [1][-]{section.9}{\376\377\060\352\060\271\060\257\060\150\133\376\173\126\377\010\000R\000i\000s\000k\000s\000\040\000\046\000\040\000M\000i\000t\000i\000g\000a\000t\000i\000o\000n\377\011}{}% 34
\BOOKMARK [1][-]{section.10}{\376\377\142\200\210\123\377\010\147\000\134\017\226\120\377\011\040\024\000\040\060\242\060\374\060\255\060\306\060\257\060\301\060\343\151\202\165\145\126\363}{}% 35
\BOOKMARK [2][-]{subsection.10.1}{\376\377\121\150\117\123\120\317}{section.10}% 36
\BOOKMARK [1][-]{section.11}{\376\377\133\237\210\114\212\010\165\073\377\010\000M\000i\000l\000e\000s\000t\000o\000n\000e\000s\377\011}{}% 37
\BOOKMARK [2][-]{subsection.11.1}{\376\377\133\237\210\114\200\314\146\157\060\156\137\067\123\026\377\010\220\113\165\050\133\232\167\100\060\153\124\021\060\121\060\137\122\115\143\320\377\011}{section.11}% 38
\BOOKMARK [1][-]{section.12}{\376\377\116\330\223\062\377\032\060\322\060\242\060\352\060\363\060\260\230\005\166\356\377\010\147\000\122\035\060\153\200\136\060\117\060\123\060\150\377\011}{}% 39
